<?xml version="1.0" encoding="UTF-8"?>
<!-- Generated by org.testng.reporters.JUnitXMLReporter -->
<testsuite ignored="0" hostname="DESKTOP-EDT3R9N" failures="0" tests="3" name="Test" time="18.535" errors="0" timestamp="20 Apr 2021 17:26:36 GMT">
  <testcase classname="Academy.E2EndProject.Homepage" name="HomePageNavigation" time="5.871"/>
  <testcase classname="Academy.E2EndProject.Homepage" name="HomePageNavigation" time="3.173"/>
  <testcase classname="Academy.E2EndProject.validation" name="validate" time="5.045"/>
</testsuite> <!-- Test -->
