<?xml version="1.0" encoding="UTF-8"?>
<!-- Generated by org.testng.reporters.JUnitXMLReporter -->
<testsuite ignored="0" hostname="DESKTOP-EDT3R9N" failures="0" tests="1" name="Validating header and navnar" time="0.055" errors="0" timestamp="16 Dec 2021 11:56:27 GMT">
  <testcase classname="Academy.E2EndProject.validation" name="@BeforeTest getdriver" time="0.015">
    <failure type="java.lang.NullPointerException" message="Cannot invoke &amp;quot;org.openqa.selenium.WebDriver.manage()&amp;quot; because &amp;quot;this.driver&amp;quot; is null">
      <![CDATA[java.lang.NullPointerException: Cannot invoke "org.openqa.selenium.WebDriver.manage()" because "this.driver" is null
at Resources.Base.InitializeDriver(Base.java:72)
at Academy.E2EndProject.validation.getdriver(validation.java:30)
at java.base/java.util.concurrent.FutureTask.run(FutureTask.java:264)
at java.base/java.util.concurrent.ThreadPoolExecutor.runWorker(ThreadPoolExecutor.java:1130)
at java.base/java.util.concurrent.ThreadPoolExecutor$Worker.run(ThreadPoolExecutor.java:630)
at java.base/java.lang.Thread.run(Thread.java:832)
... Removed 15 stack frames]]>
    </failure>
  </testcase> <!-- @BeforeTest getdriver -->
  <testcase classname="Academy.E2EndProject.validation" name="@AfterTest BrowserClose" time="0.0">
    <skipped/>
  </testcase> <!-- @AfterTest BrowserClose -->
  <testcase classname="Academy.E2EndProject.validation" name="validate" time="0.0">
    <skipped/>
  </testcase> <!-- validate -->
</testsuite> <!-- Validating header and navnar -->
